Change Physical Footprint: Designator=C1 Old Footprint=SMD8102_C New Footprint=SMD8102_C
Change Physical Footprint: Designator=C2 Old Footprint=0805_C New Footprint=0805_C
Change Physical Footprint: Designator=C3 Old Footprint=CAP_CASE_C_6032 New Footprint=CAP_CASE_C_6032
Change Physical Footprint: Designator=C4 Old Footprint=0805_C New Footprint=0805_C
Change Physical Footprint: Designator=C5 Old Footprint=CAP_CASE_A_3216 New Footprint=CAP_CASE_A_3216
Change Physical Footprint: Designator=C6 Old Footprint=CAP_CASE_A_3216 New Footprint=CAP_CASE_A_3216
Change Physical Footprint: Designator=C8 Old Footprint=SMD8102_C New Footprint=SMD8102_C
Change Physical Footprint: Designator=C9 Old Footprint=0805_C New Footprint=0805_C
Change Physical Footprint: Designator=C17 Old Footprint=SMD8102_C New Footprint=SMD8102_C
Change Physical Footprint: Designator=C19 Old Footprint=CAP_CASE_C_6032 New Footprint=CAP_CASE_C_6032
Change Physical Footprint: Designator=C20 Old Footprint=0805_C New Footprint=0805_C
Change Physical Footprint: Designator=C23 Old Footprint=0805_C New Footprint=0805_C
Change Physical Footprint: Designator=D1 Old Footprint=SMA(DO-214AC) New Footprint=SMA(DO-214AC)
Change Physical Footprint: Designator=D6 Old Footprint=SMA(DO-214AC) New Footprint=SMA(DO-214AC)
Change Physical Footprint: Designator=K1 Old Footprint=Switch_Key3 New Footprint=Switch_Key3
Change Physical Footprint: Designator=L1 Old Footprint=SMD0707_L New Footprint=SMD0707_L
Change Physical Footprint: Designator=L2 Old Footprint=SMD0707_L New Footprint=SMD0707_L
Change Physical Footprint: Designator=P1 Old Footprint=HT3.96_Power New Footprint=HT3.96_Power
Change Physical Footprint: Designator=P2 Old Footprint=HT3.96_Power New Footprint=HT3.96_Power
Change Physical Footprint: Designator=P3 Old Footprint=PH2.0_P6 New Footprint=PH2.0_P6
Change Physical Footprint: Designator=P4 Old Footprint=PH2.0_P6 New Footprint=PH2.0_P6
Change Physical Footprint: Designator=P5 Old Footprint=Connect_3¡Á2 New Footprint=Connect_3¡Á2
Change Physical Footprint: Designator=P6 Old Footprint=CONNECT_4¡Á2 New Footprint=CONNECT_4¡Á2
Change Physical Footprint: Designator=P7 Old Footprint=DC005 New Footprint=DC005
Change Physical Footprint: Designator=P8 Old Footprint=HT3.96_Power New Footprint=HT3.96_Power
Change Physical Footprint: Designator=P10 Old Footprint=USB_Pin6 New Footprint=USB_Pin6
Change Physical Footprint: Designator=R1 Old Footprint=0805_R New Footprint=0805_R
Change Physical Footprint: Designator=R2 Old Footprint=0805_R New Footprint=0805_R
Change Physical Footprint: Designator=R3 Old Footprint=0805_R New Footprint=0805_R
Change Physical Footprint: Designator=R4 Old Footprint=0805_R New Footprint=0805_R
Change Physical Footprint: Designator=R5 Old Footprint=0805_R New Footprint=0805_R
Change Physical Footprint: Designator=R6 Old Footprint=0805_R New Footprint=0805_R
Change Physical Footprint: Designator=R7 Old Footprint=0805_R New Footprint=0805_R
Change Physical Footprint: Designator=R8 Old Footprint=0805_R New Footprint=0805_R
Change Physical Footprint: Designator=R9 Old Footprint=0805_R New Footprint=0805_R
Change Physical Footprint: Designator=R10 Old Footprint=0805_R New Footprint=0805_R
Change Physical Footprint: Designator=R11 Old Footprint=0805_R New Footprint=0805_R
Change Physical Footprint: Designator=R12 Old Footprint=0805_R New Footprint=0805_R
Change Physical Footprint: Designator=R13 Old Footprint=0805_R New Footprint=0805_R
Change Physical Footprint: Designator=R14 Old Footprint=0805_R New Footprint=0805_R
Change Physical Footprint: Designator=R15 Old Footprint=0805_R New Footprint=0805_R
Change Physical Footprint: Designator=R16 Old Footprint=0805_R New Footprint=0805_R
Change Physical Footprint: Designator=R17 Old Footprint=0805_R New Footprint=0805_R
Change Physical Footprint: Designator=R18 Old Footprint=0805_R New Footprint=0805_R
Change Physical Footprint: Designator=R19 Old Footprint=0805_R New Footprint=0805_R
Change Physical Footprint: Designator=R20 Old Footprint=0805_R New Footprint=0805_R
Change Physical Footprint: Designator=R21 Old Footprint=0805_R New Footprint=0805_R
Change Physical Footprint: Designator=R22 Old Footprint=0805_R New Footprint=0805_R
Change Physical Footprint: Designator=R23 Old Footprint=0805_R New Footprint=0805_R
Change Physical Footprint: Designator=U1 Old Footprint=LM2596S New Footprint=LM2596S
Change Physical Footprint: Designator=U2 Old Footprint=LM1117 New Footprint=LM1117
Change Physical Footprint: Designator=U3 Old Footprint=BTN7971B New Footprint=BTN7971B
Change Physical Footprint: Designator=U4 Old Footprint=BTN7971B New Footprint=BTN7971B
Change Physical Footprint: Designator=U5 Old Footprint=BTN7971B New Footprint=BTN7971B
Change Physical Footprint: Designator=U6 Old Footprint=LM2596S New Footprint=LM2596S
Change Physical Footprint: Designator=U7 Old Footprint=SN74LVC245APW New Footprint=SN74LVC245APW
Change Physical Footprint: Designator=U8 Old Footprint=BTN7971B New Footprint=BTN7971B
